Vivado Simulator 2020.2
Time resolution is 1 ps
[105000] SLAVE WRITE BRESP = 0
[105000] SLAVE WRITE ADDR = @0
[105000] SLAVE WRITE ADDR = @0, WDATA = 11111111
[115000] MASTER WRITE ADDR = @0, WDATA = 11111111
[115000] SLAVE WRITE BRESP = 0
[145000] SLAVE WRITE BRESP = 0
[145000] SLAVE WRITE ADDR = @4
[145000] SLAVE WRITE ADDR = @4, WDATA = 22222222
[155000] MASTER WRITE ADDR = @4, WDATA = 22222222
[155000] SLAVE WRITE BRESP = 0
[185000] SLAVE WRITE BRESP = 0
[185000] SLAVE WRITE ADDR = @8
[185000] SLAVE WRITE ADDR = @8, WDATA = 33333333
[195000] MASTER WRITE ADDR = @8, WDATA = 33333333
[195000] SLAVE WRITE BRESP = 0
[225000] SLAVE WRITE BRESP = 0
[225000] SLAVE WRITE ADDR = @c
[225000] SLAVE WRITE ADDR = @c, WDATA = 44444444
[235000] MASTER WRITE ADDR = @c, WDATA = 44444444
[235000] SLAVE WRITE BRESP = 0
[265000] SLAVE READ ADDR = @0
[275000] SLAVE READ ADDR = @0, RDATA = 11111111
[285000] MASTER READ ADDR = @0, RDATA = 11111111
[315000] SLAVE READ ADDR = @4
[315000] SLAVE READ ADDR = @4, RDATA = 22222222
[325000] MASTER READ ADDR = @4, RDATA = 22222222
[355000] SLAVE READ ADDR = @8
[355000] SLAVE READ ADDR = @8, RDATA = 33333333
[365000] MASTER READ ADDR = @8, RDATA = 33333333
[395000] SLAVE READ ADDR = @c
[395000] SLAVE READ ADDR = @c, RDATA = 44444444
[405000] MASTER READ ADDR = @c, RDATA = 44444444
$finish called at time : 455 ns : File "D:/workplace/AXI/260421_AXI4_Lite_simple/260421_AXI4_Lite_simple.srcs/sim_1/new/tb_axi4_lite_master.sv" Line 212
